11 мая 2022 - 16:18:06.103 - c.c.y.YouTubeDemoApplication -  INFO  - Starting YouTubeDemoApplication using Java 17.0.2 on DESKTOP-TC4TSMS with PID 10664 (D:\Java Backend Development by PDP academy\PDP_online_Lessons\Module_4\Lesson_2\YouTube_demo\target\classes started by white in D:\Java Backend Development by PDP academy\PDP_online_Lessons\Module_4\Lesson_2\YouTube_demo)
11 мая 2022 - 16:18:06.107 - c.c.y.YouTubeDemoApplication -  DEBUG - Running with Spring Boot v2.6.7, Spring v5.3.19
11 мая 2022 - 16:18:06.108 - c.c.y.YouTubeDemoApplication -  INFO  - The following 1 profile is active: "dev"
11 мая 2022 - 16:18:07.225 - o.s.d.r.c.RepositoryConfigurationDelegate -  INFO  - Bootstrapping Spring Data JPA repositories in DEFAULT mode.
11 мая 2022 - 16:18:07.254 - o.s.d.r.c.RepositoryConfigurationDelegate -  INFO  - Finished Spring Data repository scanning in 12 ms. Found 0 JPA repository interfaces.
11 мая 2022 - 16:18:08.192 - o.s.b.w.e.tomcat.TomcatWebServer -  INFO  - Tomcat initialized with port(s): 8080 (http)
11 мая 2022 - 16:18:08.205 - o.a.catalina.core.StandardService -  INFO  - Starting service [Tomcat]
11 мая 2022 - 16:18:08.205 - o.a.catalina.core.StandardEngine -  INFO  - Starting Servlet engine: [Apache Tomcat/9.0.62]
11 мая 2022 - 16:18:08.447 - o.a.c.c.C.[Tomcat].[localhost].[/] -  INFO  - Initializing Spring embedded WebApplicationContext
11 мая 2022 - 16:18:08.448 - o.s.b.w.s.c.ServletWebServerApplicationContext -  INFO  - Root WebApplicationContext: initialization completed in 2249 ms
11 мая 2022 - 16:18:08.658 - o.h.jpa.internal.util.LogHelper -  INFO  - HHH000204: Processing PersistenceUnitInfo [name: default]
11 мая 2022 - 16:18:08.743 - org.hibernate.Version -  INFO  - HHH000412: Hibernate ORM core version 5.6.8.Final
11 мая 2022 - 16:18:08.968 - o.h.annotations.common.Version -  INFO  - HCANN000001: Hibernate Commons Annotations {5.1.2.Final}
11 мая 2022 - 16:18:09.083 - com.zaxxer.hikari.HikariDataSource -  INFO  - HikariPool-1 - Starting...
11 мая 2022 - 16:18:09.538 - com.zaxxer.hikari.HikariDataSource -  INFO  - HikariPool-1 - Start completed.
11 мая 2022 - 16:18:09.575 - org.hibernate.dialect.Dialect -  INFO  - HHH000400: Using dialect: org.hibernate.dialect.PostgreSQL10Dialect
11 мая 2022 - 16:18:09.947 - o.h.e.t.j.p.i.JtaPlatformInitiator -  INFO  - HHH000490: Using JtaPlatform implementation: [org.hibernate.engine.transaction.jta.platform.internal.NoJtaPlatform]
11 мая 2022 - 16:18:09.963 - o.s.o.j.LocalContainerEntityManagerFactoryBean -  INFO  - Initialized JPA EntityManagerFactory for persistence unit 'default'
11 мая 2022 - 16:18:10.054 - o.s.b.a.o.j.JpaBaseConfiguration$JpaWebConfiguration -  WARN  - spring.jpa.open-in-view is enabled by default. Therefore, database queries may be performed during view rendering. Explicitly configure spring.jpa.open-in-view to disable this warning
11 мая 2022 - 16:18:10.745 - o.s.b.w.e.tomcat.TomcatWebServer -  INFO  - Tomcat started on port(s): 8080 (http) with context path ''
11 мая 2022 - 16:18:10.773 - c.c.y.YouTubeDemoApplication -  INFO  - Started YouTubeDemoApplication in 5.328 seconds (JVM running for 6.481)
11 мая 2022 - 16:25:54.098 - o.s.o.j.LocalContainerEntityManagerFactoryBean -  INFO  - Closing JPA EntityManagerFactory for persistence unit 'default'
11 мая 2022 - 16:25:54.101 - com.zaxxer.hikari.HikariDataSource -  INFO  - HikariPool-1 - Shutdown initiated...
11 мая 2022 - 16:25:54.111 - com.zaxxer.hikari.HikariDataSource -  INFO  - HikariPool-1 - Shutdown completed.
11 мая 2022 - 16:26:11.336 - c.c.y.YouTubeDemoApplication -  INFO  - Starting YouTubeDemoApplication using Java 17.0.2 on DESKTOP-TC4TSMS with PID 5768 (D:\Java Backend Development by PDP academy\PDP_online_Lessons\Module_4\Lesson_2\YouTube_demo\target\classes started by white in D:\Java Backend Development by PDP academy\PDP_online_Lessons\Module_4\Lesson_2\YouTube_demo)
11 мая 2022 - 16:26:11.341 - c.c.y.YouTubeDemoApplication -  DEBUG - Running with Spring Boot v2.6.7, Spring v5.3.19
11 мая 2022 - 16:26:11.342 - c.c.y.YouTubeDemoApplication -  INFO  - The following 1 profile is active: "dev"
11 мая 2022 - 16:26:12.754 - o.s.d.r.c.RepositoryConfigurationDelegate -  INFO  - Bootstrapping Spring Data JPA repositories in DEFAULT mode.
11 мая 2022 - 16:26:12.783 - o.s.d.r.c.RepositoryConfigurationDelegate -  INFO  - Finished Spring Data repository scanning in 11 ms. Found 0 JPA repository interfaces.
11 мая 2022 - 16:26:13.764 - o.s.b.w.e.tomcat.TomcatWebServer -  INFO  - Tomcat initialized with port(s): 8080 (http)
11 мая 2022 - 16:26:13.786 - o.a.catalina.core.StandardService -  INFO  - Starting service [Tomcat]
11 мая 2022 - 16:26:13.786 - o.a.catalina.core.StandardEngine -  INFO  - Starting Servlet engine: [Apache Tomcat/9.0.62]
11 мая 2022 - 16:26:14.136 - o.a.c.c.C.[Tomcat].[localhost].[/] -  INFO  - Initializing Spring embedded WebApplicationContext
11 мая 2022 - 16:26:14.136 - o.s.b.w.s.c.ServletWebServerApplicationContext -  INFO  - Root WebApplicationContext: initialization completed in 2667 ms
11 мая 2022 - 16:26:14.352 - o.h.jpa.internal.util.LogHelper -  INFO  - HHH000204: Processing PersistenceUnitInfo [name: default]
11 мая 2022 - 16:26:14.457 - org.hibernate.Version -  INFO  - HHH000412: Hibernate ORM core version 5.6.8.Final
11 мая 2022 - 16:26:14.705 - o.h.annotations.common.Version -  INFO  - HCANN000001: Hibernate Commons Annotations {5.1.2.Final}
11 мая 2022 - 16:26:14.869 - com.zaxxer.hikari.HikariDataSource -  INFO  - HikariPool-1 - Starting...
11 мая 2022 - 16:26:15.195 - com.zaxxer.hikari.HikariDataSource -  INFO  - HikariPool-1 - Start completed.
11 мая 2022 - 16:26:15.235 - org.hibernate.dialect.Dialect -  INFO  - HHH000400: Using dialect: org.hibernate.dialect.PostgreSQL10Dialect
11 мая 2022 - 16:26:15.399 - Hibernate Types -  INFO  - This framework is proudly powered by:

>>>>>>>>>>>>>>>>>>>>>>>>>>>>>>>>>>>>>>>>>>>>>>>>>>>>>>>>>>>>>>>>
 _    _                           _     _
| |  | |                         (_)   | |
| |__| |_   _ _ __   ___ _ __ ___ _ ___| |_ ___ _ __   ___ ___
|  __  | | | | '_ \ / _ \ '__/ __| / __| __/ _ \ '_ \ / __/ _ \
| |  | | |_| | |_) |  __/ |  \__ \ \__ \ ||  __/ | | | (_|  __/
|_|  |_|\__, | .__/ \___|_|  |___/_|___/\__\___|_| |_|\___\___|
         __/ | |
        |___/|_|

At Hypersistence, we only build amazing tools, like Hibernate Types, Flexy Pool, or Hypersistence Optimizer.

What if there were a tool that could automatically detect JPA and Hibernate performance issues?

Hypersistence Optimizer is that tool! For more details, go to: 

https://vladmihalcea.com/hypersistence-optimizer/
<<<<<<<<<<<<<<<<<<<<<<<<<<<<<<<<<<<<<<<<<<<<<<<<<<<<<<<<<<<<<<<<

11 мая 2022 - 16:26:16.140 - o.h.e.t.j.p.i.JtaPlatformInitiator -  INFO  - HHH000490: Using JtaPlatform implementation: [org.hibernate.engine.transaction.jta.platform.internal.NoJtaPlatform]
11 мая 2022 - 16:26:16.160 - o.s.o.j.LocalContainerEntityManagerFactoryBean -  INFO  - Initialized JPA EntityManagerFactory for persistence unit 'default'
11 мая 2022 - 16:26:16.298 - o.s.b.a.o.j.JpaBaseConfiguration$JpaWebConfiguration -  WARN  - spring.jpa.open-in-view is enabled by default. Therefore, database queries may be performed during view rendering. Explicitly configure spring.jpa.open-in-view to disable this warning
11 мая 2022 - 16:26:17.114 - o.s.b.w.e.tomcat.TomcatWebServer -  INFO  - Tomcat started on port(s): 8080 (http) with context path ''
11 мая 2022 - 16:26:17.143 - c.c.y.YouTubeDemoApplication -  INFO  - Started YouTubeDemoApplication in 7.036 seconds (JVM running for 8.631)
11 мая 2022 - 17:04:12.005 - com.zaxxer.hikari.pool.HikariPool -  WARN  - HikariPool-1 - Thread starvation or clock leap detected (housekeeper delta=24m56s344ms712µs500ns).
11 мая 2022 - 17:27:57.294 - o.s.o.j.LocalContainerEntityManagerFactoryBean -  INFO  - Closing JPA EntityManagerFactory for persistence unit 'default'
11 мая 2022 - 17:27:57.297 - com.zaxxer.hikari.HikariDataSource -  INFO  - HikariPool-1 - Shutdown initiated...
11 мая 2022 - 17:27:57.305 - com.zaxxer.hikari.HikariDataSource -  INFO  - HikariPool-1 - Shutdown completed.
11 мая 2022 - 18:34:33.518 - c.c.y.YouTubeDemoApplication -  INFO  - Starting YouTubeDemoApplication using Java 17.0.2 on DESKTOP-TC4TSMS with PID 5160 (D:\Java Backend Development by PDP academy\PDP_offline_Java_Lessons\2. Spring Full\Lesson_100_YouTube_demo\target\classes started by white in D:\Java Backend Development by PDP academy\PDP_offline_Java_Lessons\2. Spring Full\Lesson_100_YouTube_demo)
11 мая 2022 - 18:34:33.532 - c.c.y.YouTubeDemoApplication -  DEBUG - Running with Spring Boot v2.6.7, Spring v5.3.19
11 мая 2022 - 18:34:33.532 - c.c.y.YouTubeDemoApplication -  INFO  - The following 1 profile is active: "dev"
11 мая 2022 - 18:34:34.733 - o.s.d.r.c.RepositoryConfigurationDelegate -  INFO  - Bootstrapping Spring Data JPA repositories in DEFAULT mode.
11 мая 2022 - 18:34:34.842 - o.s.d.r.c.RepositoryConfigurationDelegate -  INFO  - Finished Spring Data repository scanning in 79 ms. Found 2 JPA repository interfaces.
11 мая 2022 - 18:34:35.711 - o.s.b.w.e.tomcat.TomcatWebServer -  INFO  - Tomcat initialized with port(s): 8080 (http)
11 мая 2022 - 18:34:35.727 - o.a.catalina.core.StandardService -  INFO  - Starting service [Tomcat]
11 мая 2022 - 18:34:35.727 - o.a.catalina.core.StandardEngine -  INFO  - Starting Servlet engine: [Apache Tomcat/9.0.62]
11 мая 2022 - 18:34:35.868 - o.a.c.c.C.[Tomcat].[localhost].[/] -  INFO  - Initializing Spring embedded WebApplicationContext
11 мая 2022 - 18:34:35.868 - o.s.b.w.s.c.ServletWebServerApplicationContext -  INFO  - Root WebApplicationContext: initialization completed in 2254 ms
11 мая 2022 - 18:34:36.117 - o.h.jpa.internal.util.LogHelper -  INFO  - HHH000204: Processing PersistenceUnitInfo [name: default]
11 мая 2022 - 18:34:36.180 - org.hibernate.Version -  INFO  - HHH000412: Hibernate ORM core version 5.6.8.Final
11 мая 2022 - 18:34:36.352 - o.h.annotations.common.Version -  INFO  - HCANN000001: Hibernate Commons Annotations {5.1.2.Final}
11 мая 2022 - 18:34:36.492 - com.zaxxer.hikari.HikariDataSource -  INFO  - HikariPool-1 - Starting...
11 мая 2022 - 18:34:36.867 - com.zaxxer.hikari.HikariDataSource -  INFO  - HikariPool-1 - Start completed.
11 мая 2022 - 18:34:36.883 - org.hibernate.dialect.Dialect -  INFO  - HHH000400: Using dialect: org.hibernate.dialect.PostgreSQL10Dialect
11 мая 2022 - 18:34:36.930 - Hibernate Types -  INFO  - This framework is proudly powered by:

>>>>>>>>>>>>>>>>>>>>>>>>>>>>>>>>>>>>>>>>>>>>>>>>>>>>>>>>>>>>>>>>
 _    _                           _     _
| |  | |                         (_)   | |
| |__| |_   _ _ __   ___ _ __ ___ _ ___| |_ ___ _ __   ___ ___
|  __  | | | | '_ \ / _ \ '__/ __| / __| __/ _ \ '_ \ / __/ _ \
| |  | | |_| | |_) |  __/ |  \__ \ \__ \ ||  __/ | | | (_|  __/
|_|  |_|\__, | .__/ \___|_|  |___/_|___/\__\___|_| |_|\___\___|
         __/ | |
        |___/|_|

At Hypersistence, we only build amazing tools, like Hibernate Types, Flexy Pool, or Hypersistence Optimizer.

What if there were a tool that could automatically detect JPA and Hibernate performance issues?

Hypersistence Optimizer is that tool! For more details, go to: 

https://vladmihalcea.com/hypersistence-optimizer/
<<<<<<<<<<<<<<<<<<<<<<<<<<<<<<<<<<<<<<<<<<<<<<<<<<<<<<<<<<<<<<<<

11 мая 2022 - 18:34:38.023 - o.h.e.jdbc.spi.SqlExceptionHelper -  WARN  - SQL Warning Code: 0, SQLState: 00000
11 мая 2022 - 18:34:38.023 - o.h.e.jdbc.spi.SqlExceptionHelper -  WARN  - constraint "uk_9d5dpsf2ufa6rjbi3y0elkdcd" of relation "profile" does not exist, skipping
11 мая 2022 - 18:34:38.039 - o.h.e.t.j.p.i.JtaPlatformInitiator -  INFO  - HHH000490: Using JtaPlatform implementation: [org.hibernate.engine.transaction.jta.platform.internal.NoJtaPlatform]
11 мая 2022 - 18:34:38.054 - o.s.o.j.LocalContainerEntityManagerFactoryBean -  INFO  - Initialized JPA EntityManagerFactory for persistence unit 'default'
11 мая 2022 - 18:34:38.539 - o.s.b.a.o.j.JpaBaseConfiguration$JpaWebConfiguration -  WARN  - spring.jpa.open-in-view is enabled by default. Therefore, database queries may be performed during view rendering. Explicitly configure spring.jpa.open-in-view to disable this warning
11 мая 2022 - 18:34:38.961 - o.s.b.w.e.tomcat.TomcatWebServer -  INFO  - Tomcat started on port(s): 8080 (http) with context path ''
11 мая 2022 - 18:34:38.976 - c.c.y.YouTubeDemoApplication -  INFO  - Started YouTubeDemoApplication in 6.032 seconds (JVM running for 7.142)
11 мая 2022 - 18:36:00.488 - o.a.c.c.C.[Tomcat].[localhost].[/] -  INFO  - Initializing Spring DispatcherServlet 'dispatcherServlet'
11 мая 2022 - 18:36:00.489 - o.s.web.servlet.DispatcherServlet -  INFO  - Initializing Servlet 'dispatcherServlet'
11 мая 2022 - 18:36:00.491 - o.s.web.servlet.DispatcherServlet -  INFO  - Completed initialization in 2 ms
11 мая 2022 - 18:42:11.674 - c.c.y.controller.ProfileController -  INFO  - create Profile
11 мая 2022 - 19:54:54.965 - com.zaxxer.hikari.pool.HikariPool -  WARN  - HikariPool-1 - Thread starvation or clock leap detected (housekeeper delta=9m15s731ms909µs900ns).
11 мая 2022 - 20:24:45.654 - o.s.o.j.LocalContainerEntityManagerFactoryBean -  INFO  - Closing JPA EntityManagerFactory for persistence unit 'default'
11 мая 2022 - 20:24:45.676 - com.zaxxer.hikari.HikariDataSource -  INFO  - HikariPool-1 - Shutdown initiated...
11 мая 2022 - 20:24:45.679 - com.zaxxer.hikari.HikariDataSource -  INFO  - HikariPool-1 - Shutdown completed.
11 мая 2022 - 20:25:07.094 - c.c.y.YouTubeDemoApplication -  INFO  - Starting YouTubeDemoApplication using Java 17.0.2 on DESKTOP-TC4TSMS with PID 11320 (D:\Java Backend Development by PDP academy\PDP_offline_Java_Lessons\2. Spring Full\Lesson_100_YouTube_demo\target\classes started by white in D:\Java Backend Development by PDP academy\PDP_offline_Java_Lessons\2. Spring Full\Lesson_100_YouTube_demo)
11 мая 2022 - 20:25:07.101 - c.c.y.YouTubeDemoApplication -  DEBUG - Running with Spring Boot v2.6.7, Spring v5.3.19
11 мая 2022 - 20:25:07.102 - c.c.y.YouTubeDemoApplication -  INFO  - The following 1 profile is active: "dev"
11 мая 2022 - 20:25:09.188 - o.s.d.r.c.RepositoryConfigurationDelegate -  INFO  - Bootstrapping Spring Data JPA repositories in DEFAULT mode.
11 мая 2022 - 20:25:09.309 - o.s.d.r.c.RepositoryConfigurationDelegate -  INFO  - Finished Spring Data repository scanning in 101 ms. Found 2 JPA repository interfaces.
11 мая 2022 - 20:25:10.423 - o.s.b.w.e.tomcat.TomcatWebServer -  INFO  - Tomcat initialized with port(s): 8080 (http)
11 мая 2022 - 20:25:10.474 - o.a.catalina.core.StandardService -  INFO  - Starting service [Tomcat]
11 мая 2022 - 20:25:10.475 - o.a.catalina.core.StandardEngine -  INFO  - Starting Servlet engine: [Apache Tomcat/9.0.62]
11 мая 2022 - 20:25:10.756 - o.a.c.c.C.[Tomcat].[localhost].[/] -  INFO  - Initializing Spring embedded WebApplicationContext
11 мая 2022 - 20:25:10.756 - o.s.b.w.s.c.ServletWebServerApplicationContext -  INFO  - Root WebApplicationContext: initialization completed in 3410 ms
11 мая 2022 - 20:25:11.098 - o.h.jpa.internal.util.LogHelper -  INFO  - HHH000204: Processing PersistenceUnitInfo [name: default]
11 мая 2022 - 20:25:11.358 - org.hibernate.Version -  INFO  - HHH000412: Hibernate ORM core version 5.6.8.Final
11 мая 2022 - 20:25:11.736 - o.h.annotations.common.Version -  INFO  - HCANN000001: Hibernate Commons Annotations {5.1.2.Final}
11 мая 2022 - 20:25:11.976 - com.zaxxer.hikari.HikariDataSource -  INFO  - HikariPool-1 - Starting...
11 мая 2022 - 20:25:12.411 - com.zaxxer.hikari.HikariDataSource -  INFO  - HikariPool-1 - Start completed.
11 мая 2022 - 20:25:12.453 - org.hibernate.dialect.Dialect -  INFO  - HHH000400: Using dialect: org.hibernate.dialect.PostgreSQL10Dialect
11 мая 2022 - 20:25:12.527 - Hibernate Types -  INFO  - This framework is proudly powered by:

>>>>>>>>>>>>>>>>>>>>>>>>>>>>>>>>>>>>>>>>>>>>>>>>>>>>>>>>>>>>>>>>
 _    _                           _     _
| |  | |                         (_)   | |
| |__| |_   _ _ __   ___ _ __ ___ _ ___| |_ ___ _ __   ___ ___
|  __  | | | | '_ \ / _ \ '__/ __| / __| __/ _ \ '_ \ / __/ _ \
| |  | | |_| | |_) |  __/ |  \__ \ \__ \ ||  __/ | | | (_|  __/
|_|  |_|\__, | .__/ \___|_|  |___/_|___/\__\___|_| |_|\___\___|
         __/ | |
        |___/|_|

At Hypersistence, we only build amazing tools, like Hibernate Types, Flexy Pool, or Hypersistence Optimizer.

What if there were a tool that could automatically detect JPA and Hibernate performance issues?

Hypersistence Optimizer is that tool! For more details, go to: 

https://vladmihalcea.com/hypersistence-optimizer/
<<<<<<<<<<<<<<<<<<<<<<<<<<<<<<<<<<<<<<<<<<<<<<<<<<<<<<<<<<<<<<<<

11 мая 2022 - 20:25:14.028 - o.h.e.t.j.p.i.JtaPlatformInitiator -  INFO  - HHH000490: Using JtaPlatform implementation: [org.hibernate.engine.transaction.jta.platform.internal.NoJtaPlatform]
11 мая 2022 - 20:25:14.040 - o.s.o.j.LocalContainerEntityManagerFactoryBean -  INFO  - Initialized JPA EntityManagerFactory for persistence unit 'default'
11 мая 2022 - 20:25:14.713 - o.s.b.a.o.j.JpaBaseConfiguration$JpaWebConfiguration -  WARN  - spring.jpa.open-in-view is enabled by default. Therefore, database queries may be performed during view rendering. Explicitly configure spring.jpa.open-in-view to disable this warning
11 мая 2022 - 20:25:15.254 - o.s.b.w.e.tomcat.TomcatWebServer -  INFO  - Tomcat started on port(s): 8080 (http) with context path ''
11 мая 2022 - 20:25:15.274 - c.c.y.YouTubeDemoApplication -  INFO  - Started YouTubeDemoApplication in 9.239 seconds (JVM running for 11.4)
11 мая 2022 - 20:25:31.744 - o.a.c.c.C.[Tomcat].[localhost].[/] -  INFO  - Initializing Spring DispatcherServlet 'dispatcherServlet'
11 мая 2022 - 20:25:31.744 - o.s.web.servlet.DispatcherServlet -  INFO  - Initializing Servlet 'dispatcherServlet'
11 мая 2022 - 20:25:31.744 - o.s.web.servlet.DispatcherServlet -  INFO  - Completed initialization in 0 ms
11 мая 2022 - 20:47:45.392 - o.s.o.j.LocalContainerEntityManagerFactoryBean -  INFO  - Closing JPA EntityManagerFactory for persistence unit 'default'
11 мая 2022 - 20:47:45.393 - com.zaxxer.hikari.HikariDataSource -  INFO  - HikariPool-1 - Shutdown initiated...
11 мая 2022 - 20:47:45.417 - com.zaxxer.hikari.HikariDataSource -  INFO  - HikariPool-1 - Shutdown completed.
11 мая 2022 - 20:48:03.609 - c.c.y.YouTubeDemoApplication -  INFO  - Starting YouTubeDemoApplication using Java 17.0.2 on DESKTOP-TC4TSMS with PID 5560 (D:\Java Backend Development by PDP academy\PDP_offline_Java_Lessons\2. Spring Full\Lesson_100_YouTube_demo\target\classes started by white in D:\Java Backend Development by PDP academy\PDP_offline_Java_Lessons\2. Spring Full\Lesson_100_YouTube_demo)
11 мая 2022 - 20:48:03.617 - c.c.y.YouTubeDemoApplication -  DEBUG - Running with Spring Boot v2.6.7, Spring v5.3.19
11 мая 2022 - 20:48:03.626 - c.c.y.YouTubeDemoApplication -  INFO  - The following 1 profile is active: "dev"
11 мая 2022 - 20:48:04.908 - o.s.d.r.c.RepositoryConfigurationDelegate -  INFO  - Bootstrapping Spring Data JPA repositories in DEFAULT mode.
11 мая 2022 - 20:48:05.009 - o.s.d.r.c.RepositoryConfigurationDelegate -  INFO  - Finished Spring Data repository scanning in 70 ms. Found 2 JPA repository interfaces.
11 мая 2022 - 20:48:06.064 - o.s.b.w.e.tomcat.TomcatWebServer -  INFO  - Tomcat initialized with port(s): 8080 (http)
11 мая 2022 - 20:48:06.080 - o.a.catalina.core.StandardService -  INFO  - Starting service [Tomcat]
11 мая 2022 - 20:48:06.081 - o.a.catalina.core.StandardEngine -  INFO  - Starting Servlet engine: [Apache Tomcat/9.0.62]
11 мая 2022 - 20:48:06.370 - o.a.c.c.C.[Tomcat].[localhost].[/] -  INFO  - Initializing Spring embedded WebApplicationContext
11 мая 2022 - 20:48:06.371 - o.s.b.w.s.c.ServletWebServerApplicationContext -  INFO  - Root WebApplicationContext: initialization completed in 2530 ms
11 мая 2022 - 20:48:06.598 - o.h.jpa.internal.util.LogHelper -  INFO  - HHH000204: Processing PersistenceUnitInfo [name: default]
11 мая 2022 - 20:48:06.722 - org.hibernate.Version -  INFO  - HHH000412: Hibernate ORM core version 5.6.8.Final
11 мая 2022 - 20:48:06.972 - o.h.annotations.common.Version -  INFO  - HCANN000001: Hibernate Commons Annotations {5.1.2.Final}
11 мая 2022 - 20:48:07.381 - com.zaxxer.hikari.HikariDataSource -  INFO  - HikariPool-1 - Starting...
11 мая 2022 - 20:48:08.078 - com.zaxxer.hikari.HikariDataSource -  INFO  - HikariPool-1 - Start completed.
11 мая 2022 - 20:48:08.117 - org.hibernate.dialect.Dialect -  INFO  - HHH000400: Using dialect: org.hibernate.dialect.PostgreSQL10Dialect
11 мая 2022 - 20:48:08.178 - Hibernate Types -  INFO  - This framework is proudly powered by:

>>>>>>>>>>>>>>>>>>>>>>>>>>>>>>>>>>>>>>>>>>>>>>>>>>>>>>>>>>>>>>>>
 _    _                           _     _
| |  | |                         (_)   | |
| |__| |_   _ _ __   ___ _ __ ___ _ ___| |_ ___ _ __   ___ ___
|  __  | | | | '_ \ / _ \ '__/ __| / __| __/ _ \ '_ \ / __/ _ \
| |  | | |_| | |_) |  __/ |  \__ \ \__ \ ||  __/ | | | (_|  __/
|_|  |_|\__, | .__/ \___|_|  |___/_|___/\__\___|_| |_|\___\___|
         __/ | |
        |___/|_|

At Hypersistence, we only build amazing tools, like Hibernate Types, Flexy Pool, or Hypersistence Optimizer.

What if there were a tool that could automatically detect JPA and Hibernate performance issues?

Hypersistence Optimizer is that tool! For more details, go to: 

https://vladmihalcea.com/hypersistence-optimizer/
<<<<<<<<<<<<<<<<<<<<<<<<<<<<<<<<<<<<<<<<<<<<<<<<<<<<<<<<<<<<<<<<

11 мая 2022 - 20:48:09.675 - o.h.e.t.j.p.i.JtaPlatformInitiator -  INFO  - HHH000490: Using JtaPlatform implementation: [org.hibernate.engine.transaction.jta.platform.internal.NoJtaPlatform]
11 мая 2022 - 20:48:09.682 - o.s.o.j.LocalContainerEntityManagerFactoryBean -  INFO  - Initialized JPA EntityManagerFactory for persistence unit 'default'
11 мая 2022 - 20:48:10.362 - o.s.b.a.o.j.JpaBaseConfiguration$JpaWebConfiguration -  WARN  - spring.jpa.open-in-view is enabled by default. Therefore, database queries may be performed during view rendering. Explicitly configure spring.jpa.open-in-view to disable this warning
11 мая 2022 - 20:48:10.895 - o.s.b.w.e.tomcat.TomcatWebServer -  INFO  - Tomcat started on port(s): 8080 (http) with context path ''
11 мая 2022 - 20:48:10.912 - c.c.y.YouTubeDemoApplication -  INFO  - Started YouTubeDemoApplication in 9.116 seconds (JVM running for 10.851)
11 мая 2022 - 20:48:34.523 - o.a.c.c.C.[Tomcat].[localhost].[/] -  INFO  - Initializing Spring DispatcherServlet 'dispatcherServlet'
11 мая 2022 - 20:48:34.523 - o.s.web.servlet.DispatcherServlet -  INFO  - Initializing Servlet 'dispatcherServlet'
11 мая 2022 - 20:48:34.531 - o.s.web.servlet.DispatcherServlet -  INFO  - Completed initialization in 8 ms
11 мая 2022 - 22:51:17.857 - com.zaxxer.hikari.pool.HikariPool -  WARN  - HikariPool-1 - Thread starvation or clock leap detected (housekeeper delta=1h37m9s172ms843µs400ns).
11 мая 2022 - 23:22:55.373 - com.zaxxer.hikari.pool.HikariPool -  WARN  - HikariPool-1 - Thread starvation or clock leap detected (housekeeper delta=16m6s794ms291µs500ns).
