12 мая 2022 - 09:59:44.374 - com.zaxxer.hikari.pool.HikariPool -  WARN  - HikariPool-1 - Thread starvation or clock leap detected (housekeeper delta=10h13m23s871ms652µs700ns).
12 мая 2022 - 12:04:09.820 - o.s.o.j.LocalContainerEntityManagerFactoryBean -  INFO  - Closing JPA EntityManagerFactory for persistence unit 'default'
12 мая 2022 - 12:04:09.965 - com.zaxxer.hikari.HikariDataSource -  INFO  - HikariPool-1 - Shutdown initiated...
12 мая 2022 - 12:04:10.015 - com.zaxxer.hikari.HikariDataSource -  INFO  - HikariPool-1 - Shutdown completed.
12 мая 2022 - 12:04:38.327 - c.c.y.YouTubeDemoApplication -  INFO  - Starting YouTubeDemoApplication using Java 17.0.2 on DESKTOP-TC4TSMS with PID 11244 (D:\Java Backend Development by PDP academy\PDP_offline_Java_Lessons\2. Spring Full\Lesson_100_YouTube_demo\target\classes started by white in D:\Java Backend Development by PDP academy\PDP_offline_Java_Lessons\2. Spring Full\Lesson_100_YouTube_demo)
12 мая 2022 - 12:04:38.331 - c.c.y.YouTubeDemoApplication -  DEBUG - Running with Spring Boot v2.6.7, Spring v5.3.19
12 мая 2022 - 12:04:38.333 - c.c.y.YouTubeDemoApplication -  INFO  - The following 1 profile is active: "dev"
12 мая 2022 - 12:04:40.012 - o.s.d.r.c.RepositoryConfigurationDelegate -  INFO  - Bootstrapping Spring Data JPA repositories in DEFAULT mode.
12 мая 2022 - 12:04:40.273 - o.s.d.r.c.RepositoryConfigurationDelegate -  INFO  - Finished Spring Data repository scanning in 240 ms. Found 3 JPA repository interfaces.
12 мая 2022 - 12:04:42.930 - o.s.b.w.e.tomcat.TomcatWebServer -  INFO  - Tomcat initialized with port(s): 8080 (http)
12 мая 2022 - 12:04:42.947 - o.a.catalina.core.StandardService -  INFO  - Starting service [Tomcat]
12 мая 2022 - 12:04:42.948 - o.a.catalina.core.StandardEngine -  INFO  - Starting Servlet engine: [Apache Tomcat/9.0.62]
12 мая 2022 - 12:04:43.304 - o.a.c.c.C.[Tomcat].[localhost].[/] -  INFO  - Initializing Spring embedded WebApplicationContext
12 мая 2022 - 12:04:43.305 - o.s.b.w.s.c.ServletWebServerApplicationContext -  INFO  - Root WebApplicationContext: initialization completed in 4876 ms
12 мая 2022 - 12:04:43.667 - o.h.jpa.internal.util.LogHelper -  INFO  - HHH000204: Processing PersistenceUnitInfo [name: default]
12 мая 2022 - 12:04:44.087 - org.hibernate.Version -  INFO  - HHH000412: Hibernate ORM core version 5.6.8.Final
12 мая 2022 - 12:04:44.616 - o.h.annotations.common.Version -  INFO  - HCANN000001: Hibernate Commons Annotations {5.1.2.Final}
12 мая 2022 - 12:04:44.885 - com.zaxxer.hikari.HikariDataSource -  INFO  - HikariPool-1 - Starting...
12 мая 2022 - 12:04:45.286 - com.zaxxer.hikari.HikariDataSource -  INFO  - HikariPool-1 - Start completed.
12 мая 2022 - 12:04:45.362 - org.hibernate.dialect.Dialect -  INFO  - HHH000400: Using dialect: org.hibernate.dialect.PostgreSQL10Dialect
12 мая 2022 - 12:04:45.478 - Hibernate Types -  INFO  - This framework is proudly powered by:

>>>>>>>>>>>>>>>>>>>>>>>>>>>>>>>>>>>>>>>>>>>>>>>>>>>>>>>>>>>>>>>>
 _    _                           _     _
| |  | |                         (_)   | |
| |__| |_   _ _ __   ___ _ __ ___ _ ___| |_ ___ _ __   ___ ___
|  __  | | | | '_ \ / _ \ '__/ __| / __| __/ _ \ '_ \ / __/ _ \
| |  | | |_| | |_) |  __/ |  \__ \ \__ \ ||  __/ | | | (_|  __/
|_|  |_|\__, | .__/ \___|_|  |___/_|___/\__\___|_| |_|\___\___|
         __/ | |
        |___/|_|

At Hypersistence, we only build amazing tools, like Hibernate Types, Flexy Pool, or Hypersistence Optimizer.

What if there were a tool that could automatically detect JPA and Hibernate performance issues?

Hypersistence Optimizer is that tool! For more details, go to: 

https://vladmihalcea.com/hypersistence-optimizer/
<<<<<<<<<<<<<<<<<<<<<<<<<<<<<<<<<<<<<<<<<<<<<<<<<<<<<<<<<<<<<<<<

12 мая 2022 - 12:04:47.063 - o.h.e.t.j.p.i.JtaPlatformInitiator -  INFO  - HHH000490: Using JtaPlatform implementation: [org.hibernate.engine.transaction.jta.platform.internal.NoJtaPlatform]
12 мая 2022 - 12:04:47.078 - o.s.o.j.LocalContainerEntityManagerFactoryBean -  INFO  - Initialized JPA EntityManagerFactory for persistence unit 'default'
12 мая 2022 - 12:04:48.926 - o.s.b.a.o.j.JpaBaseConfiguration$JpaWebConfiguration -  WARN  - spring.jpa.open-in-view is enabled by default. Therefore, database queries may be performed during view rendering. Explicitly configure spring.jpa.open-in-view to disable this warning
12 мая 2022 - 12:04:50.272 - o.s.b.w.e.tomcat.TomcatWebServer -  INFO  - Tomcat started on port(s): 8080 (http) with context path ''
12 мая 2022 - 12:04:50.295 - c.c.y.YouTubeDemoApplication -  INFO  - Started YouTubeDemoApplication in 12.76 seconds (JVM running for 14.587)
12 мая 2022 - 12:05:04.389 - o.s.o.j.LocalContainerEntityManagerFactoryBean -  INFO  - Closing JPA EntityManagerFactory for persistence unit 'default'
12 мая 2022 - 12:05:04.392 - com.zaxxer.hikari.HikariDataSource -  INFO  - HikariPool-1 - Shutdown initiated...
12 мая 2022 - 12:05:04.412 - com.zaxxer.hikari.HikariDataSource -  INFO  - HikariPool-1 - Shutdown completed.
12 мая 2022 - 12:05:15.743 - c.c.y.YouTubeDemoApplication -  INFO  - Starting YouTubeDemoApplication using Java 17.0.2 on DESKTOP-TC4TSMS with PID 9464 (D:\Java Backend Development by PDP academy\PDP_offline_Java_Lessons\2. Spring Full\Lesson_100_YouTube_demo\target\classes started by white in D:\Java Backend Development by PDP academy\PDP_offline_Java_Lessons\2. Spring Full\Lesson_100_YouTube_demo)
12 мая 2022 - 12:05:15.747 - c.c.y.YouTubeDemoApplication -  DEBUG - Running with Spring Boot v2.6.7, Spring v5.3.19
12 мая 2022 - 12:05:15.748 - c.c.y.YouTubeDemoApplication -  INFO  - The following 1 profile is active: "dev"
12 мая 2022 - 12:05:16.915 - o.s.d.r.c.RepositoryConfigurationDelegate -  INFO  - Bootstrapping Spring Data JPA repositories in DEFAULT mode.
12 мая 2022 - 12:05:17.013 - o.s.d.r.c.RepositoryConfigurationDelegate -  INFO  - Finished Spring Data repository scanning in 84 ms. Found 3 JPA repository interfaces.
12 мая 2022 - 12:05:17.940 - o.s.b.w.e.tomcat.TomcatWebServer -  INFO  - Tomcat initialized with port(s): 8080 (http)
12 мая 2022 - 12:05:17.952 - o.a.catalina.core.StandardService -  INFO  - Starting service [Tomcat]
12 мая 2022 - 12:05:17.953 - o.a.catalina.core.StandardEngine -  INFO  - Starting Servlet engine: [Apache Tomcat/9.0.62]
12 мая 2022 - 12:05:18.127 - o.a.c.c.C.[Tomcat].[localhost].[/] -  INFO  - Initializing Spring embedded WebApplicationContext
12 мая 2022 - 12:05:18.127 - o.s.b.w.s.c.ServletWebServerApplicationContext -  INFO  - Root WebApplicationContext: initialization completed in 2293 ms
12 мая 2022 - 12:05:18.326 - o.h.jpa.internal.util.LogHelper -  INFO  - HHH000204: Processing PersistenceUnitInfo [name: default]
12 мая 2022 - 12:05:18.375 - org.hibernate.Version -  INFO  - HHH000412: Hibernate ORM core version 5.6.8.Final
12 мая 2022 - 12:05:18.515 - o.h.annotations.common.Version -  INFO  - HCANN000001: Hibernate Commons Annotations {5.1.2.Final}
12 мая 2022 - 12:05:18.620 - com.zaxxer.hikari.HikariDataSource -  INFO  - HikariPool-1 - Starting...
12 мая 2022 - 12:05:18.850 - com.zaxxer.hikari.HikariDataSource -  INFO  - HikariPool-1 - Start completed.
12 мая 2022 - 12:05:18.875 - org.hibernate.dialect.Dialect -  INFO  - HHH000400: Using dialect: org.hibernate.dialect.PostgreSQL10Dialect
12 мая 2022 - 12:05:18.920 - Hibernate Types -  INFO  - This framework is proudly powered by:

>>>>>>>>>>>>>>>>>>>>>>>>>>>>>>>>>>>>>>>>>>>>>>>>>>>>>>>>>>>>>>>>
 _    _                           _     _
| |  | |                         (_)   | |
| |__| |_   _ _ __   ___ _ __ ___ _ ___| |_ ___ _ __   ___ ___
|  __  | | | | '_ \ / _ \ '__/ __| / __| __/ _ \ '_ \ / __/ _ \
| |  | | |_| | |_) |  __/ |  \__ \ \__ \ ||  __/ | | | (_|  __/
|_|  |_|\__, | .__/ \___|_|  |___/_|___/\__\___|_| |_|\___\___|
         __/ | |
        |___/|_|

At Hypersistence, we only build amazing tools, like Hibernate Types, Flexy Pool, or Hypersistence Optimizer.

What if there were a tool that could automatically detect JPA and Hibernate performance issues?

Hypersistence Optimizer is that tool! For more details, go to: 

https://vladmihalcea.com/hypersistence-optimizer/
<<<<<<<<<<<<<<<<<<<<<<<<<<<<<<<<<<<<<<<<<<<<<<<<<<<<<<<<<<<<<<<<

12 мая 2022 - 12:05:20.133 - o.h.e.t.j.p.i.JtaPlatformInitiator -  INFO  - HHH000490: Using JtaPlatform implementation: [org.hibernate.engine.transaction.jta.platform.internal.NoJtaPlatform]
12 мая 2022 - 12:05:20.148 - o.s.o.j.LocalContainerEntityManagerFactoryBean -  INFO  - Initialized JPA EntityManagerFactory for persistence unit 'default'
12 мая 2022 - 12:05:20.914 - o.s.b.a.o.j.JpaBaseConfiguration$JpaWebConfiguration -  WARN  - spring.jpa.open-in-view is enabled by default. Therefore, database queries may be performed during view rendering. Explicitly configure spring.jpa.open-in-view to disable this warning
12 мая 2022 - 12:05:21.385 - o.s.b.w.e.tomcat.TomcatWebServer -  INFO  - Tomcat started on port(s): 8080 (http) with context path ''
12 мая 2022 - 12:05:21.399 - c.c.y.YouTubeDemoApplication -  INFO  - Started YouTubeDemoApplication in 6.304 seconds (JVM running for 7.41)
12 мая 2022 - 12:23:56.369 - o.s.o.j.LocalContainerEntityManagerFactoryBean -  INFO  - Closing JPA EntityManagerFactory for persistence unit 'default'
12 мая 2022 - 12:23:56.374 - com.zaxxer.hikari.HikariDataSource -  INFO  - HikariPool-1 - Shutdown initiated...
12 мая 2022 - 12:23:56.389 - com.zaxxer.hikari.HikariDataSource -  INFO  - HikariPool-1 - Shutdown completed.
12 мая 2022 - 12:24:13.763 - c.c.y.YouTubeDemoApplication -  INFO  - Starting YouTubeDemoApplication using Java 17.0.2 on DESKTOP-TC4TSMS with PID 16332 (D:\Java Backend Development by PDP academy\PDP_offline_Java_Lessons\2. Spring Full\Lesson_100_YouTube_demo\target\classes started by white in D:\Java Backend Development by PDP academy\PDP_offline_Java_Lessons\2. Spring Full\Lesson_100_YouTube_demo)
12 мая 2022 - 12:24:13.769 - c.c.y.YouTubeDemoApplication -  DEBUG - Running with Spring Boot v2.6.7, Spring v5.3.19
12 мая 2022 - 12:24:13.770 - c.c.y.YouTubeDemoApplication -  INFO  - The following 1 profile is active: "dev"
12 мая 2022 - 12:24:15.655 - o.s.d.r.c.RepositoryConfigurationDelegate -  INFO  - Bootstrapping Spring Data JPA repositories in DEFAULT mode.
12 мая 2022 - 12:24:15.765 - o.s.d.r.c.RepositoryConfigurationDelegate -  INFO  - Finished Spring Data repository scanning in 93 ms. Found 3 JPA repository interfaces.
12 мая 2022 - 12:24:17.000 - o.s.b.w.e.tomcat.TomcatWebServer -  INFO  - Tomcat initialized with port(s): 8080 (http)
12 мая 2022 - 12:24:17.017 - o.a.catalina.core.StandardService -  INFO  - Starting service [Tomcat]
12 мая 2022 - 12:24:17.017 - o.a.catalina.core.StandardEngine -  INFO  - Starting Servlet engine: [Apache Tomcat/9.0.62]
12 мая 2022 - 12:24:17.241 - o.a.c.c.C.[Tomcat].[localhost].[/] -  INFO  - Initializing Spring embedded WebApplicationContext
12 мая 2022 - 12:24:17.241 - o.s.b.w.s.c.ServletWebServerApplicationContext -  INFO  - Root WebApplicationContext: initialization completed in 3281 ms
12 мая 2022 - 12:24:17.492 - o.h.jpa.internal.util.LogHelper -  INFO  - HHH000204: Processing PersistenceUnitInfo [name: default]
12 мая 2022 - 12:24:17.600 - org.hibernate.Version -  INFO  - HHH000412: Hibernate ORM core version 5.6.8.Final
12 мая 2022 - 12:24:17.849 - o.h.annotations.common.Version -  INFO  - HCANN000001: Hibernate Commons Annotations {5.1.2.Final}
12 мая 2022 - 12:24:18.042 - com.zaxxer.hikari.HikariDataSource -  INFO  - HikariPool-1 - Starting...
12 мая 2022 - 12:24:18.364 - com.zaxxer.hikari.HikariDataSource -  INFO  - HikariPool-1 - Start completed.
12 мая 2022 - 12:24:18.415 - org.hibernate.dialect.Dialect -  INFO  - HHH000400: Using dialect: org.hibernate.dialect.PostgreSQL10Dialect
12 мая 2022 - 12:24:18.502 - Hibernate Types -  INFO  - This framework is proudly powered by:

>>>>>>>>>>>>>>>>>>>>>>>>>>>>>>>>>>>>>>>>>>>>>>>>>>>>>>>>>>>>>>>>
 _    _                           _     _
| |  | |                         (_)   | |
| |__| |_   _ _ __   ___ _ __ ___ _ ___| |_ ___ _ __   ___ ___
|  __  | | | | '_ \ / _ \ '__/ __| / __| __/ _ \ '_ \ / __/ _ \
| |  | | |_| | |_) |  __/ |  \__ \ \__ \ ||  __/ | | | (_|  __/
|_|  |_|\__, | .__/ \___|_|  |___/_|___/\__\___|_| |_|\___\___|
         __/ | |
        |___/|_|

At Hypersistence, we only build amazing tools, like Hibernate Types, Flexy Pool, or Hypersistence Optimizer.

What if there were a tool that could automatically detect JPA and Hibernate performance issues?

Hypersistence Optimizer is that tool! For more details, go to: 

https://vladmihalcea.com/hypersistence-optimizer/
<<<<<<<<<<<<<<<<<<<<<<<<<<<<<<<<<<<<<<<<<<<<<<<<<<<<<<<<<<<<<<<<

12 мая 2022 - 12:24:20.450 - o.h.e.t.j.p.i.JtaPlatformInitiator -  INFO  - HHH000490: Using JtaPlatform implementation: [org.hibernate.engine.transaction.jta.platform.internal.NoJtaPlatform]
12 мая 2022 - 12:24:20.463 - o.s.o.j.LocalContainerEntityManagerFactoryBean -  INFO  - Initialized JPA EntityManagerFactory for persistence unit 'default'
12 мая 2022 - 12:24:21.951 - o.s.b.a.o.j.JpaBaseConfiguration$JpaWebConfiguration -  WARN  - spring.jpa.open-in-view is enabled by default. Therefore, database queries may be performed during view rendering. Explicitly configure spring.jpa.open-in-view to disable this warning
12 мая 2022 - 12:24:22.810 - o.s.b.w.e.tomcat.TomcatWebServer -  INFO  - Tomcat started on port(s): 8080 (http) with context path ''
12 мая 2022 - 12:24:22.853 - c.c.y.YouTubeDemoApplication -  INFO  - Started YouTubeDemoApplication in 10.169 seconds (JVM running for 12.221)
12 мая 2022 - 12:24:40.259 - o.a.c.c.C.[Tomcat].[localhost].[/] -  INFO  - Initializing Spring DispatcherServlet 'dispatcherServlet'
12 мая 2022 - 12:24:40.259 - o.s.web.servlet.DispatcherServlet -  INFO  - Initializing Servlet 'dispatcherServlet'
12 мая 2022 - 12:24:40.261 - o.s.web.servlet.DispatcherServlet -  INFO  - Completed initialization in 2 ms
12 мая 2022 - 12:24:54.301 - o.a.c.c.C.[.[.[.[dispatcherServlet] -  ERROR - Servlet.service() for servlet [dispatcherServlet] in context with path [] threw exception [Request processing failed; nested exception is javax.validation.UnexpectedTypeException: HV000030: No validator could be found for constraint 'javax.validation.constraints.NotBlank' validating type 'com.company.youtube_demo.enums.ProfileRole'. Check configuration for 'role'] with root cause
javax.validation.UnexpectedTypeException: HV000030: No validator could be found for constraint 'javax.validation.constraints.NotBlank' validating type 'com.company.youtube_demo.enums.ProfileRole'. Check configuration for 'role'
	at org.hibernate.validator.internal.engine.constraintvalidation.ConstraintTree.getExceptionForNullValidator(ConstraintTree.java:116)
	at org.hibernate.validator.internal.engine.constraintvalidation.ConstraintTree.getInitializedConstraintValidator(ConstraintTree.java:162)
	at org.hibernate.validator.internal.engine.constraintvalidation.SimpleConstraintTree.validateConstraints(SimpleConstraintTree.java:54)
	at org.hibernate.validator.internal.engine.constraintvalidation.ConstraintTree.validateConstraints(ConstraintTree.java:75)
	at org.hibernate.validator.internal.metadata.core.MetaConstraint.doValidateConstraint(MetaConstraint.java:130)
	at org.hibernate.validator.internal.metadata.core.MetaConstraint.validateConstraint(MetaConstraint.java:123)
	at org.hibernate.validator.internal.engine.ValidatorImpl.validateMetaConstraint(ValidatorImpl.java:555)
	at org.hibernate.validator.internal.engine.ValidatorImpl.validateConstraintsForSingleDefaultGroupElement(ValidatorImpl.java:518)
	at org.hibernate.validator.internal.engine.ValidatorImpl.validateConstraintsForDefaultGroup(ValidatorImpl.java:488)
	at org.hibernate.validator.internal.engine.ValidatorImpl.validateConstraintsForCurrentGroup(ValidatorImpl.java:450)
	at org.hibernate.validator.internal.engine.ValidatorImpl.validateInContext(ValidatorImpl.java:400)
	at org.hibernate.validator.internal.engine.ValidatorImpl.validate(ValidatorImpl.java:172)
	at org.springframework.validation.beanvalidation.SpringValidatorAdapter.validate(SpringValidatorAdapter.java:109)
	at org.springframework.boot.autoconfigure.validation.ValidatorAdapter.validate(ValidatorAdapter.java:66)
	at org.springframework.validation.DataBinder.validate(DataBinder.java:933)
	at org.springframework.web.servlet.mvc.method.annotation.AbstractMessageConverterMethodArgumentResolver.validateIfApplicable(AbstractMessageConverterMethodArgumentResolver.java:250)
	at org.springframework.web.servlet.mvc.method.annotation.RequestResponseBodyMethodProcessor.resolveArgument(RequestResponseBodyMethodProcessor.java:139)
	at org.springframework.web.method.support.HandlerMethodArgumentResolverComposite.resolveArgument(HandlerMethodArgumentResolverComposite.java:122)
	at org.springframework.web.method.support.InvocableHandlerMethod.getMethodArgumentValues(InvocableHandlerMethod.java:179)
	at org.springframework.web.method.support.InvocableHandlerMethod.invokeForRequest(InvocableHandlerMethod.java:146)
	at org.springframework.web.servlet.mvc.method.annotation.ServletInvocableHandlerMethod.invokeAndHandle(ServletInvocableHandlerMethod.java:117)
	at org.springframework.web.servlet.mvc.method.annotation.RequestMappingHandlerAdapter.invokeHandlerMethod(RequestMappingHandlerAdapter.java:895)
	at org.springframework.web.servlet.mvc.method.annotation.RequestMappingHandlerAdapter.handleInternal(RequestMappingHandlerAdapter.java:808)
	at org.springframework.web.servlet.mvc.method.AbstractHandlerMethodAdapter.handle(AbstractHandlerMethodAdapter.java:87)
	at org.springframework.web.servlet.DispatcherServlet.doDispatch(DispatcherServlet.java:1067)
	at org.springframework.web.servlet.DispatcherServlet.doService(DispatcherServlet.java:963)
	at org.springframework.web.servlet.FrameworkServlet.processRequest(FrameworkServlet.java:1006)
	at org.springframework.web.servlet.FrameworkServlet.doPost(FrameworkServlet.java:909)
	at javax.servlet.http.HttpServlet.service(HttpServlet.java:681)
	at org.springframework.web.servlet.FrameworkServlet.service(FrameworkServlet.java:883)
	at javax.servlet.http.HttpServlet.service(HttpServlet.java:764)
	at org.apache.catalina.core.ApplicationFilterChain.internalDoFilter(ApplicationFilterChain.java:227)
	at org.apache.catalina.core.ApplicationFilterChain.doFilter(ApplicationFilterChain.java:162)
	at org.apache.tomcat.websocket.server.WsFilter.doFilter(WsFilter.java:53)
	at org.apache.catalina.core.ApplicationFilterChain.internalDoFilter(ApplicationFilterChain.java:189)
	at org.apache.catalina.core.ApplicationFilterChain.doFilter(ApplicationFilterChain.java:162)
	at org.springframework.web.filter.RequestContextFilter.doFilterInternal(RequestContextFilter.java:100)
	at org.springframework.web.filter.OncePerRequestFilter.doFilter(OncePerRequestFilter.java:117)
	at org.apache.catalina.core.ApplicationFilterChain.internalDoFilter(ApplicationFilterChain.java:189)
	at org.apache.catalina.core.ApplicationFilterChain.doFilter(ApplicationFilterChain.java:162)
	at org.springframework.web.filter.FormContentFilter.doFilterInternal(FormContentFilter.java:93)
	at org.springframework.web.filter.OncePerRequestFilter.doFilter(OncePerRequestFilter.java:117)
	at org.apache.catalina.core.ApplicationFilterChain.internalDoFilter(ApplicationFilterChain.java:189)
	at org.apache.catalina.core.ApplicationFilterChain.doFilter(ApplicationFilterChain.java:162)
	at org.springframework.web.filter.CharacterEncodingFilter.doFilterInternal(CharacterEncodingFilter.java:201)
	at org.springframework.web.filter.OncePerRequestFilter.doFilter(OncePerRequestFilter.java:117)
	at org.apache.catalina.core.ApplicationFilterChain.internalDoFilter(ApplicationFilterChain.java:189)
	at org.apache.catalina.core.ApplicationFilterChain.doFilter(ApplicationFilterChain.java:162)
	at org.apache.catalina.core.StandardWrapperValve.invoke(StandardWrapperValve.java:197)
	at org.apache.catalina.core.StandardContextValve.invoke(StandardContextValve.java:97)
	at org.apache.catalina.authenticator.AuthenticatorBase.invoke(AuthenticatorBase.java:541)
	at org.apache.catalina.core.StandardHostValve.invoke(StandardHostValve.java:135)
	at org.apache.catalina.valves.ErrorReportValve.invoke(ErrorReportValve.java:92)
	at org.apache.catalina.core.StandardEngineValve.invoke(StandardEngineValve.java:78)
	at org.apache.catalina.connector.CoyoteAdapter.service(CoyoteAdapter.java:360)
	at org.apache.coyote.http11.Http11Processor.service(Http11Processor.java:399)
	at org.apache.coyote.AbstractProcessorLight.process(AbstractProcessorLight.java:65)
	at org.apache.coyote.AbstractProtocol$ConnectionHandler.process(AbstractProtocol.java:890)
	at org.apache.tomcat.util.net.NioEndpoint$SocketProcessor.doRun(NioEndpoint.java:1743)
	at org.apache.tomcat.util.net.SocketProcessorBase.run(SocketProcessorBase.java:49)
	at org.apache.tomcat.util.threads.ThreadPoolExecutor.runWorker(ThreadPoolExecutor.java:1191)
	at org.apache.tomcat.util.threads.ThreadPoolExecutor$Worker.run(ThreadPoolExecutor.java:659)
	at org.apache.tomcat.util.threads.TaskThread$WrappingRunnable.run(TaskThread.java:61)
	at java.base/java.lang.Thread.run(Thread.java:833)
12 мая 2022 - 12:34:14.189 - o.s.o.j.LocalContainerEntityManagerFactoryBean -  INFO  - Closing JPA EntityManagerFactory for persistence unit 'default'
12 мая 2022 - 12:34:14.193 - com.zaxxer.hikari.HikariDataSource -  INFO  - HikariPool-1 - Shutdown initiated...
12 мая 2022 - 12:34:14.204 - com.zaxxer.hikari.HikariDataSource -  INFO  - HikariPool-1 - Shutdown completed.
12 мая 2022 - 12:34:24.804 - c.c.y.YouTubeDemoApplication -  INFO  - Starting YouTubeDemoApplication using Java 17.0.2 on DESKTOP-TC4TSMS with PID 9184 (D:\Java Backend Development by PDP academy\PDP_offline_Java_Lessons\2. Spring Full\Lesson_100_YouTube_demo\target\classes started by white in D:\Java Backend Development by PDP academy\PDP_offline_Java_Lessons\2. Spring Full\Lesson_100_YouTube_demo)
12 мая 2022 - 12:34:24.810 - c.c.y.YouTubeDemoApplication -  DEBUG - Running with Spring Boot v2.6.7, Spring v5.3.19
12 мая 2022 - 12:34:24.811 - c.c.y.YouTubeDemoApplication -  INFO  - The following 1 profile is active: "dev"
12 мая 2022 - 12:34:26.076 - o.s.d.r.c.RepositoryConfigurationDelegate -  INFO  - Bootstrapping Spring Data JPA repositories in DEFAULT mode.
12 мая 2022 - 12:34:26.221 - o.s.d.r.c.RepositoryConfigurationDelegate -  INFO  - Finished Spring Data repository scanning in 120 ms. Found 3 JPA repository interfaces.
12 мая 2022 - 12:34:27.421 - o.s.b.w.e.tomcat.TomcatWebServer -  INFO  - Tomcat initialized with port(s): 8080 (http)
12 мая 2022 - 12:34:27.438 - o.a.catalina.core.StandardService -  INFO  - Starting service [Tomcat]
12 мая 2022 - 12:34:27.440 - o.a.catalina.core.StandardEngine -  INFO  - Starting Servlet engine: [Apache Tomcat/9.0.62]
12 мая 2022 - 12:34:27.675 - o.a.c.c.C.[Tomcat].[localhost].[/] -  INFO  - Initializing Spring embedded WebApplicationContext
12 мая 2022 - 12:34:27.676 - o.s.b.w.s.c.ServletWebServerApplicationContext -  INFO  - Root WebApplicationContext: initialization completed in 2737 ms
12 мая 2022 - 12:34:27.883 - o.h.jpa.internal.util.LogHelper -  INFO  - HHH000204: Processing PersistenceUnitInfo [name: default]
12 мая 2022 - 12:34:27.946 - org.hibernate.Version -  INFO  - HHH000412: Hibernate ORM core version 5.6.8.Final
12 мая 2022 - 12:34:28.114 - o.h.annotations.common.Version -  INFO  - HCANN000001: Hibernate Commons Annotations {5.1.2.Final}
12 мая 2022 - 12:34:28.263 - com.zaxxer.hikari.HikariDataSource -  INFO  - HikariPool-1 - Starting...
12 мая 2022 - 12:34:28.732 - com.zaxxer.hikari.HikariDataSource -  INFO  - HikariPool-1 - Start completed.
12 мая 2022 - 12:34:28.759 - org.hibernate.dialect.Dialect -  INFO  - HHH000400: Using dialect: org.hibernate.dialect.PostgreSQL10Dialect
12 мая 2022 - 12:34:28.823 - Hibernate Types -  INFO  - This framework is proudly powered by:

>>>>>>>>>>>>>>>>>>>>>>>>>>>>>>>>>>>>>>>>>>>>>>>>>>>>>>>>>>>>>>>>
 _    _                           _     _
| |  | |                         (_)   | |
| |__| |_   _ _ __   ___ _ __ ___ _ ___| |_ ___ _ __   ___ ___
|  __  | | | | '_ \ / _ \ '__/ __| / __| __/ _ \ '_ \ / __/ _ \
| |  | | |_| | |_) |  __/ |  \__ \ \__ \ ||  __/ | | | (_|  __/
|_|  |_|\__, | .__/ \___|_|  |___/_|___/\__\___|_| |_|\___\___|
         __/ | |
        |___/|_|

At Hypersistence, we only build amazing tools, like Hibernate Types, Flexy Pool, or Hypersistence Optimizer.

What if there were a tool that could automatically detect JPA and Hibernate performance issues?

Hypersistence Optimizer is that tool! For more details, go to: 

https://vladmihalcea.com/hypersistence-optimizer/
<<<<<<<<<<<<<<<<<<<<<<<<<<<<<<<<<<<<<<<<<<<<<<<<<<<<<<<<<<<<<<<<

12 мая 2022 - 12:34:30.593 - o.h.e.t.j.p.i.JtaPlatformInitiator -  INFO  - HHH000490: Using JtaPlatform implementation: [org.hibernate.engine.transaction.jta.platform.internal.NoJtaPlatform]
12 мая 2022 - 12:34:30.606 - o.s.o.j.LocalContainerEntityManagerFactoryBean -  INFO  - Initialized JPA EntityManagerFactory for persistence unit 'default'
12 мая 2022 - 12:34:31.440 - o.s.b.a.o.j.JpaBaseConfiguration$JpaWebConfiguration -  WARN  - spring.jpa.open-in-view is enabled by default. Therefore, database queries may be performed during view rendering. Explicitly configure spring.jpa.open-in-view to disable this warning
12 мая 2022 - 12:34:31.958 - o.s.b.w.e.tomcat.TomcatWebServer -  INFO  - Tomcat started on port(s): 8080 (http) with context path ''
12 мая 2022 - 12:34:31.980 - c.c.y.YouTubeDemoApplication -  INFO  - Started YouTubeDemoApplication in 7.829 seconds (JVM running for 8.963)
12 мая 2022 - 12:34:44.807 - o.a.c.c.C.[Tomcat].[localhost].[/] -  INFO  - Initializing Spring DispatcherServlet 'dispatcherServlet'
12 мая 2022 - 12:34:44.807 - o.s.web.servlet.DispatcherServlet -  INFO  - Initializing Servlet 'dispatcherServlet'
12 мая 2022 - 12:34:44.807 - o.s.web.servlet.DispatcherServlet -  INFO  - Completed initialization in 0 ms
12 мая 2022 - 12:34:45.010 - c.c.y.controller.ProfileController -  INFO  - create Profile
12 мая 2022 - 12:37:18.899 - c.c.y.controller.AuthController -  INFO  - Registration: com.company.youtube_demo.dtos.RegistrationDTO@5450ac06
12 мая 2022 - 12:37:41.044 - c.c.y.controller.AuthController -  INFO  - Registration: com.company.youtube_demo.dtos.RegistrationDTO@5585bb5b
12 мая 2022 - 12:38:49.635 - o.s.w.s.m.s.DefaultHandlerExceptionResolver -  WARN  - Resolved [org.springframework.web.HttpRequestMethodNotSupportedException: Request method 'GET' not supported]
12 мая 2022 - 12:39:24.298 - c.c.y.controller.AuthController -  INFO  - Registration: com.company.youtube_demo.dtos.RegistrationDTO@461516b9
12 мая 2022 - 14:36:51.434 - com.zaxxer.hikari.pool.HikariPool -  WARN  - HikariPool-1 - Thread starvation or clock leap detected (housekeeper delta=1h38m22s113ms925µs700ns).
12 мая 2022 - 18:01:28.429 - com.zaxxer.hikari.pool.HikariPool -  WARN  - HikariPool-1 - Thread starvation or clock leap detected (housekeeper delta=3h14m14s309ms405µs300ns).
12 мая 2022 - 19:25:40.958 - com.zaxxer.hikari.pool.HikariPool -  WARN  - HikariPool-1 - Thread starvation or clock leap detected (housekeeper delta=39m41s598ms173µs600ns).
12 мая 2022 - 22:06:33.611 - com.zaxxer.hikari.pool.HikariPool -  WARN  - HikariPool-1 - Thread starvation or clock leap detected (housekeeper delta=2h25m22s353ms879µs200ns).
